root - $(levelname)s - this will get logged to a file
root - $(levelname)s - this will get logged to a file
root - $(levelname)s - this will get logged to a file
root - $(levelname)s - this will get logged to a file
root - $(levelname)s - this will get logged to a file
root - $(levelname)s - first log
root - $(thread)d - $(levelname)s - this will get logged to a file
root - $(thread)d - $(levelname)s - first log
root - 3070139088 - WARNING - this will get logged to a file
root - 3070139088 - DEBUG - first log
root - 3069848272 - INFO - attempt 0 failed to connect to dbus
root - 3069848272 - INFO - attempt 1 failed to connect to dbus
root - 3069848272 - INFO - attempt 2 failed to connect to dbus
root - 3069848272 - INFO - attempt 3 failed to connect to dbus
root - 3069848272 - INFO - attempt 4 failed to connect to dbus
root - 3069860560 - INFO - attempt 0 failed to connect to dbus
root - 3069860560 - INFO - attempt 1 failed to connect to dbus
root - 3069860560 - INFO - attempt 2 failed to connect to dbus
root - 3069860560 - INFO - attempt 3 failed to connect to dbus
root - 3069860560 - INFO - attempt 4 failed to connect to dbus
root - 3069860560 - INFO - attempt 5 failed to connect to dbus
root - 3069651664 - INFO - attempt 0 failed to connect to dbus
root - 3069651664 - INFO - attempt 1 failed to connect to dbus
root - 3069651664 - INFO - attempt 2 failed to connect to dbus
root - 3069651664 - INFO - attempt 3 failed to connect to dbus
root - 3069332176 - INFO - attempt 0 failed to connect to dbus
root - 3069332176 - INFO - attempt 1 failed to connect to dbus
root - 3069332176 - INFO - attempt 2 failed to connect to dbus
root - 3069332176 - ERROR - failed to connect to dbus after multiple attempts
