2020-05-26 15:12:33,475 - root - 3069553360 - WARNING - terminating the program, becasue: play finished
2020-05-26 15:12:38,261 - root - 3069553360 - WARNING - terminating the program, becasue: play finished
2020-05-26 15:12:51,073 - root - 3069553360 - WARNING - terminating the program, becasue: play finished
2020-05-26 15:12:51,095 - root - 3069553360 - INFO - empty queue, re-populating
2020-05-26 15:13:05,798 - root - 3069553360 - WARNING - faled to check player status: Message recipient disconnected from message bus without replying
2020-05-26 15:13:05,799 - root - 3069553360 - ERROR - pause failed becasue failed to check pause status from dbus
2020-05-26 15:13:05,837 - root - 3069553360 - WARNING - terminating the program, becasue: play finished
2020-05-26 15:13:15,510 - root - 3069553360 - WARNING - terminating the program, becasue: play finished
2020-05-26 15:13:20,282 - root - 3069553360 - WARNING - terminating the program, becasue: play finished
2020-05-26 15:13:33,095 - root - 3069553360 - WARNING - terminating the program, becasue: play finished
2020-05-26 15:13:33,110 - root - 3069553360 - INFO - empty queue, re-populating
2020-05-26 15:13:47,799 - root - 3069553360 - WARNING - faled to check player status: Message recipient disconnected from message bus without replying
2020-05-26 15:13:47,799 - root - 3069553360 - ERROR - pause failed becasue failed to check pause status from dbus
2020-05-26 15:13:47,833 - root - 3069553360 - WARNING - terminating the program, becasue: play finished
2020-05-26 15:13:57,515 - root - 3069553360 - WARNING - terminating the program, becasue: play finished
2020-05-26 15:14:02,310 - root - 3069553360 - WARNING - terminating the program, becasue: play finished
2020-05-26 15:14:15,127 - root - 3069553360 - WARNING - terminating the program, becasue: play finished
2020-05-26 15:14:15,156 - root - 3069553360 - INFO - empty queue, re-populating
2020-05-26 15:14:29,849 - root - 3069553360 - WARNING - faled to check player status: Message recipient disconnected from message bus without replying
2020-05-26 15:14:29,850 - root - 3069553360 - ERROR - pause failed becasue failed to check pause status from dbus
2020-05-26 15:14:29,877 - root - 3069553360 - WARNING - terminating the program, becasue: play finished
2020-05-26 15:14:39,526 - root - 3069553360 - WARNING - terminating the program, becasue: play finished
2020-05-26 15:14:44,307 - root - 3069553360 - WARNING - terminating the program, becasue: play finished
2020-05-26 15:14:57,127 - root - 3069553360 - WARNING - terminating the program, becasue: play finished
2020-05-26 15:14:57,156 - root - 3069553360 - INFO - empty queue, re-populating
2020-05-26 15:15:11,849 - root - 3069553360 - WARNING - faled to check player status: Message recipient disconnected from message bus without replying
2020-05-26 15:15:11,850 - root - 3069553360 - ERROR - pause failed becasue failed to check pause status from dbus
2020-05-26 15:15:11,893 - root - 3069553360 - WARNING - terminating the program, becasue: play finished
2020-05-26 15:15:21,551 - root - 3069553360 - WARNING - terminating the program, becasue: play finished
2020-05-26 15:15:26,338 - root - 3069553360 - WARNING - terminating the program, becasue: play finished
2020-05-26 15:15:39,147 - root - 3069553360 - WARNING - terminating the program, becasue: play finished
2020-05-26 15:15:39,160 - root - 3069553360 - INFO - empty queue, re-populating
2020-05-26 15:15:53,860 - root - 3069553360 - WARNING - faled to check player status: Message recipient disconnected from message bus without replying
2020-05-26 15:15:53,860 - root - 3069553360 - ERROR - pause failed becasue failed to check pause status from dbus
2020-05-26 15:15:53,893 - root - 3069553360 - WARNING - terminating the program, becasue: play finished
2020-05-26 15:16:03,539 - root - 3069553360 - WARNING - terminating the program, becasue: play finished
2020-05-26 15:16:08,322 - root - 3069553360 - WARNING - terminating the program, becasue: play finished
2020-05-26 15:16:21,138 - root - 3069553360 - WARNING - terminating the program, becasue: play finished
2020-05-26 15:16:21,168 - root - 3069553360 - INFO - empty queue, re-populating
2020-05-26 15:16:35,893 - root - 3069553360 - WARNING - faled to check player status: Message recipient disconnected from message bus without replying
2020-05-26 15:16:35,894 - root - 3069553360 - ERROR - pause failed becasue failed to check pause status from dbus
2020-05-26 15:16:35,926 - root - 3069553360 - WARNING - terminating the program, becasue: play finished
2020-05-26 15:16:45,601 - root - 3069553360 - WARNING - terminating the program, becasue: play finished
2020-05-26 15:16:50,403 - root - 3069553360 - WARNING - terminating the program, becasue: play finished
2020-05-26 15:17:03,212 - root - 3069553360 - WARNING - terminating the program, becasue: play finished
2020-05-26 15:17:03,242 - root - 3069553360 - INFO - empty queue, re-populating
2020-05-26 15:17:17,976 - root - 3069553360 - WARNING - faled to check player status: Message recipient disconnected from message bus without replying
2020-05-26 15:17:17,977 - root - 3069553360 - ERROR - pause failed becasue failed to check pause status from dbus
2020-05-26 15:17:18,013 - root - 3069553360 - WARNING - terminating the program, becasue: play finished
pika.channel - $(levelname)s - Received remote Channel.Close (404): "NOT_FOUND - no queue 'mac-123456_queue' in vhost '/'" on <Channel number=1 OPEN conn=<SelectConnection OPEN transport=<pika.adapters.utils.io_services_utils._AsyncPlaintextTransport object at 0x1086b1f10> params=<ConnectionParameters host=139.196.230.59 port=5672 virtual_host=/ ssl=False>>>
pika.adapters.utils.io_services_utils - $(levelname)s - _AsyncBaseTransport._consume() failed, aborting connection: error=TimeoutError(60, 'Operation timed out'); sock=<socket.socket fd=9, family=AddressFamily.AF_INET, type=SocketKind.SOCK_STREAM, proto=6, laddr=('192.168.1.8', 61059)>; Caller's stack:
Traceback (most recent call last):
  File "/Users/yuhengchen/opt/anaconda3/lib/python3.7/site-packages/pika/adapters/utils/io_services_utils.py", line 1041, in _on_socket_readable
    self._consume()
  File "/Users/yuhengchen/opt/anaconda3/lib/python3.7/site-packages/pika/adapters/utils/io_services_utils.py", line 791, in _consume
    data = self._sigint_safe_recv(self._sock, self._MAX_RECV_BYTES)
  File "/Users/yuhengchen/opt/anaconda3/lib/python3.7/site-packages/pika/adapters/utils/io_services_utils.py", line 79, in retry_sigint_wrap
    return func(*args, **kwargs)
  File "/Users/yuhengchen/opt/anaconda3/lib/python3.7/site-packages/pika/adapters/utils/io_services_utils.py", line 846, in _sigint_safe_recv
    return sock.recv(max_bytes)
TimeoutError: [Errno 60] Operation timed out
Traceback (most recent call last):
  File "/Users/yuhengchen/opt/anaconda3/lib/python3.7/site-packages/pika/adapters/utils/io_services_utils.py", line 1041, in _on_socket_readable
    self._consume()
  File "/Users/yuhengchen/opt/anaconda3/lib/python3.7/site-packages/pika/adapters/utils/io_services_utils.py", line 791, in _consume
    data = self._sigint_safe_recv(self._sock, self._MAX_RECV_BYTES)
  File "/Users/yuhengchen/opt/anaconda3/lib/python3.7/site-packages/pika/adapters/utils/io_services_utils.py", line 79, in retry_sigint_wrap
    return func(*args, **kwargs)
  File "/Users/yuhengchen/opt/anaconda3/lib/python3.7/site-packages/pika/adapters/utils/io_services_utils.py", line 846, in _sigint_safe_recv
    return sock.recv(max_bytes)
TimeoutError: [Errno 60] Operation timed out
pika.adapters.base_connection - $(levelname)s - connection_lost: StreamLostError: ("Stream connection lost: TimeoutError(60, 'Operation timed out')",)
pika.adapters.blocking_connection - $(levelname)s - Unexpected connection close detected: StreamLostError: ("Stream connection lost: TimeoutError(60, 'Operation timed out')",)
